<?xml version="1.0" encoding="UTF-8"?>
<!-- Generated by org.testng.reporters.JUnitReportReporter -->
<testsuite hostname="DESKTOP-87SBVKR" failures="0" tests="1" name="autopractise.ExtentReport.ExternalReportsDemo" time="7.119" errors="0" timestamp="2021-02-16T09:31:01 IST" skipped="0">
  <testcase classname="autopractise.ExtentReport.ExternalReportsDemo" name="intialDemo" time="7.119"/>
  <system-out/>
</testsuite> <!-- autopractise.ExtentReport.ExternalReportsDemo -->
